2017-12-20 16:04:37,294 [http-bio-8082-exec-7] [org.mybatis.spring.transaction.SpringManagedTransaction]-[DEBUG] JDBC Connection [com.mysql.jdbc.JDBC4Connection@50dff465] will be managed by Spring
2017-12-20 16:04:37,295 [http-bio-8082-exec-7] [com.taotao.mapper.TbItemDescMapper.selectByPrimaryKey]-[DEBUG] ==>  Preparing: select item_id, created, updated , item_desc from tb_item_desc where item_id = ? 
2017-12-20 16:04:37,295 [http-bio-8082-exec-7] [com.taotao.mapper.TbItemDescMapper.selectByPrimaryKey]-[DEBUG] ==> Parameters: 151297549819452(Long)
2017-12-20 16:04:37,427 [http-bio-8082-exec-7] [com.taotao.mapper.TbItemDescMapper.selectByPrimaryKey]-[DEBUG] <==      Total: 1
2017-12-20 16:04:37,427 [http-bio-8082-exec-7] [org.mybatis.spring.SqlSessionUtils]-[DEBUG] Releasing transactional SqlSession [org.apache.ibatis.session.defaults.DefaultSqlSession@5ea551a2]
2017-12-20 16:04:37,432 [http-bio-8082-exec-7] [org.mybatis.spring.SqlSessionUtils]-[DEBUG] Transaction synchronization deregistering SqlSession [org.apache.ibatis.session.defaults.DefaultSqlSession@5ea551a2]
2017-12-20 16:04:37,432 [http-bio-8082-exec-7] [org.mybatis.spring.SqlSessionUtils]-[DEBUG] Transaction synchronization closing SqlSession [org.apache.ibatis.session.defaults.DefaultSqlSession@5ea551a2]
2017-12-20 16:04:37,433 [http-bio-8082-exec-7] [org.springframework.jdbc.datasource.DataSourceUtils]-[DEBUG] Returning JDBC Connection to DataSource
2017-12-20 16:04:37,439 [http-bio-8082-exec-7] [org.springframework.web.servlet.mvc.method.annotation.ResponseBodyAdviceChain]-[DEBUG] Invoking ResponseBodyAdvice chain for body=com.taotao.common.pojo.TaotaoResult@58931a42
2017-12-20 16:04:37,440 [http-bio-8082-exec-7] [org.springframework.web.servlet.mvc.method.annotation.ResponseBodyAdviceChain]-[DEBUG] After ResponseBodyAdvice chain body=com.taotao.common.pojo.TaotaoResult@58931a42
2017-12-20 16:04:37,447 [http-bio-8082-exec-7] [org.springframework.web.servlet.mvc.method.annotation.RequestResponseBodyMethodProcessor]-[DEBUG] Written [com.taotao.common.pojo.TaotaoResult@58931a42] as "application/json;charset=UTF-8" using [org.springframework.http.converter.json.MappingJackson2HttpMessageConverter@7a577824]
2017-12-20 16:04:37,447 [http-bio-8082-exec-7] [org.springframework.web.servlet.DispatcherServlet]-[DEBUG] Null ModelAndView returned to DispatcherServlet with name 'taotao-manager': assuming HandlerAdapter completed request handling
2017-12-20 16:04:37,447 [http-bio-8082-exec-7] [org.springframework.web.servlet.DispatcherServlet]-[DEBUG] Successfully completed request
2017-12-20 16:04:38,419 [http-bio-8082-exec-9] [org.springframework.web.servlet.DispatcherServlet]-[DEBUG] DispatcherServlet with name 'taotao-manager' processing GET request for [/rest/item/info/151297549819452]
2017-12-20 16:04:38,419 [http-bio-8082-exec-9] [org.springframework.web.servlet.mvc.method.annotation.RequestMappingHandlerMapping]-[DEBUG] Looking up handler method for path /item/info/151297549819452
2017-12-20 16:04:38,420 [http-bio-8082-exec-9] [org.springframework.web.servlet.mvc.method.annotation.RequestMappingHandlerMapping]-[DEBUG] Returning handler method [public com.taotao.common.pojo.TaotaoResult com.taotao.rest.controller.ItemController.getItemBaseInfo(java.lang.Long)]
2017-12-20 16:04:38,420 [http-bio-8082-exec-9] [org.springframework.beans.factory.support.DefaultListableBeanFactory]-[DEBUG] Returning cached instance of singleton bean 'itemController'
2017-12-20 16:04:38,421 [http-bio-8082-exec-9] [org.springframework.web.servlet.DispatcherServlet]-[DEBUG] Last-Modified value for [/rest/item/info/151297549819452] is: -1
2017-12-20 16:04:38,438 [http-bio-8082-exec-9] [org.springframework.web.servlet.mvc.method.annotation.ResponseBodyAdviceChain]-[DEBUG] Invoking ResponseBodyAdvice chain for body=com.taotao.common.pojo.TaotaoResult@1194018
2017-12-20 16:04:38,438 [http-bio-8082-exec-9] [org.springframework.web.servlet.mvc.method.annotation.ResponseBodyAdviceChain]-[DEBUG] After ResponseBodyAdvice chain body=com.taotao.common.pojo.TaotaoResult@1194018
2017-12-20 16:04:38,439 [http-bio-8082-exec-9] [org.springframework.web.servlet.mvc.method.annotation.RequestResponseBodyMethodProcessor]-[DEBUG] Written [com.taotao.common.pojo.TaotaoResult@1194018] as "application/json;charset=UTF-8" using [org.springframework.http.converter.json.MappingJackson2HttpMessageConverter@7a577824]
2017-12-20 16:04:38,439 [http-bio-8082-exec-9] [org.springframework.web.servlet.DispatcherServlet]-[DEBUG] Null ModelAndView returned to DispatcherServlet with name 'taotao-manager': assuming HandlerAdapter completed request handling
2017-12-20 16:04:38,439 [http-bio-8082-exec-9] [org.springframework.web.servlet.DispatcherServlet]-[DEBUG] Successfully completed request
2017-12-20 16:23:55,024 [http-bio-8082-exec-1] [org.springframework.web.servlet.DispatcherServlet]-[DEBUG] DispatcherServlet with name 'taotao-manager' processing GET request for [/rest/content/list/89]
2017-12-20 16:23:55,024 [http-bio-8082-exec-1] [org.springframework.web.servlet.mvc.method.annotation.RequestMappingHandlerMapping]-[DEBUG] Looking up handler method for path /content/list/89
2017-12-20 16:23:55,025 [http-bio-8082-exec-1] [org.springframework.web.servlet.mvc.method.annotation.RequestMappingHandlerMapping]-[DEBUG] Returning handler method [public com.taotao.common.pojo.TaotaoResult com.taotao.rest.controller.ContentController.getContentList(java.lang.Long)]
2017-12-20 16:23:55,025 [http-bio-8082-exec-1] [org.springframework.beans.factory.support.DefaultListableBeanFactory]-[DEBUG] Returning cached instance of singleton bean 'contentController'
2017-12-20 16:23:55,025 [http-bio-8082-exec-1] [org.springframework.web.servlet.DispatcherServlet]-[DEBUG] Last-Modified value for [/rest/content/list/89] is: -1
2017-12-20 16:23:55,031 [http-bio-8082-exec-1] [org.springframework.web.servlet.mvc.method.annotation.ResponseBodyAdviceChain]-[DEBUG] Invoking ResponseBodyAdvice chain for body=com.taotao.common.pojo.TaotaoResult@6bf16242
2017-12-20 16:23:55,031 [http-bio-8082-exec-1] [org.springframework.web.servlet.mvc.method.annotation.ResponseBodyAdviceChain]-[DEBUG] After ResponseBodyAdvice chain body=com.taotao.common.pojo.TaotaoResult@6bf16242
2017-12-20 16:23:55,032 [http-bio-8082-exec-1] [org.springframework.web.servlet.mvc.method.annotation.RequestResponseBodyMethodProcessor]-[DEBUG] Written [com.taotao.common.pojo.TaotaoResult@6bf16242] as "application/json;charset=UTF-8" using [org.springframework.http.converter.json.MappingJackson2HttpMessageConverter@7a577824]
2017-12-20 16:23:55,032 [http-bio-8082-exec-1] [org.springframework.web.servlet.DispatcherServlet]-[DEBUG] Null ModelAndView returned to DispatcherServlet with name 'taotao-manager': assuming HandlerAdapter completed request handling
2017-12-20 16:23:55,032 [http-bio-8082-exec-1] [org.springframework.web.servlet.DispatcherServlet]-[DEBUG] Successfully completed request
2017-12-20 16:24:09,364 [http-bio-8082-exec-3] [org.springframework.web.servlet.DispatcherServlet]-[DEBUG] DispatcherServlet with name 'taotao-manager' processing GET request for [/rest/item/info/151297549819452]
2017-12-20 16:24:09,364 [http-bio-8082-exec-3] [org.springframework.web.servlet.mvc.method.annotation.RequestMappingHandlerMapping]-[DEBUG] Looking up handler method for path /item/info/151297549819452
2017-12-20 16:24:09,365 [http-bio-8082-exec-3] [org.springframework.web.servlet.mvc.method.annotation.RequestMappingHandlerMapping]-[DEBUG] Returning handler method [public com.taotao.common.pojo.TaotaoResult com.taotao.rest.controller.ItemController.getItemBaseInfo(java.lang.Long)]
2017-12-20 16:24:09,365 [http-bio-8082-exec-3] [org.springframework.beans.factory.support.DefaultListableBeanFactory]-[DEBUG] Returning cached instance of singleton bean 'itemController'
2017-12-20 16:24:09,365 [http-bio-8082-exec-3] [org.springframework.web.servlet.DispatcherServlet]-[DEBUG] Last-Modified value for [/rest/item/info/151297549819452] is: -1
2017-12-20 16:24:09,372 [http-bio-8082-exec-3] [org.springframework.web.servlet.mvc.method.annotation.ResponseBodyAdviceChain]-[DEBUG] Invoking ResponseBodyAdvice chain for body=com.taotao.common.pojo.TaotaoResult@789d0e8c
2017-12-20 16:24:09,372 [http-bio-8082-exec-3] [org.springframework.web.servlet.mvc.method.annotation.ResponseBodyAdviceChain]-[DEBUG] After ResponseBodyAdvice chain body=com.taotao.common.pojo.TaotaoResult@789d0e8c
2017-12-20 16:24:09,373 [http-bio-8082-exec-3] [org.springframework.web.servlet.mvc.method.annotation.RequestResponseBodyMethodProcessor]-[DEBUG] Written [com.taotao.common.pojo.TaotaoResult@789d0e8c] as "application/json;charset=UTF-8" using [org.springframework.http.converter.json.MappingJackson2HttpMessageConverter@7a577824]
2017-12-20 16:24:09,373 [http-bio-8082-exec-3] [org.springframework.web.servlet.DispatcherServlet]-[DEBUG] Null ModelAndView returned to DispatcherServlet with name 'taotao-manager': assuming HandlerAdapter completed request handling
2017-12-20 16:24:09,373 [http-bio-8082-exec-3] [org.springframework.web.servlet.DispatcherServlet]-[DEBUG] Successfully completed request
2017-12-20 16:24:10,865 [http-bio-8082-exec-6] [org.springframework.web.servlet.DispatcherServlet]-[DEBUG] DispatcherServlet with name 'taotao-manager' processing GET request for [/rest/item/desc/151297549819452]
2017-12-20 16:24:10,865 [http-bio-8082-exec-6] [org.springframework.web.servlet.mvc.method.annotation.RequestMappingHandlerMapping]-[DEBUG] Looking up handler method for path /item/desc/151297549819452
2017-12-20 16:24:10,865 [http-bio-8082-exec-6] [org.springframework.web.servlet.mvc.method.annotation.RequestMappingHandlerMapping]-[DEBUG] Returning handler method [public com.taotao.common.pojo.TaotaoResult com.taotao.rest.controller.ItemController.getItemDesc(java.lang.Long)]
2017-12-20 16:24:10,865 [http-bio-8082-exec-6] [org.springframework.beans.factory.support.DefaultListableBeanFactory]-[DEBUG] Returning cached instance of singleton bean 'itemController'
2017-12-20 16:24:10,865 [http-bio-8082-exec-6] [org.springframework.web.servlet.DispatcherServlet]-[DEBUG] Last-Modified value for [/rest/item/desc/151297549819452] is: -1
2017-12-20 16:24:10,873 [http-bio-8082-exec-6] [org.springframework.web.servlet.mvc.method.annotation.ResponseBodyAdviceChain]-[DEBUG] Invoking ResponseBodyAdvice chain for body=com.taotao.common.pojo.TaotaoResult@6a26e608
2017-12-20 16:24:10,873 [http-bio-8082-exec-6] [org.springframework.web.servlet.mvc.method.annotation.ResponseBodyAdviceChain]-[DEBUG] After ResponseBodyAdvice chain body=com.taotao.common.pojo.TaotaoResult@6a26e608
2017-12-20 16:24:10,874 [http-bio-8082-exec-6] [org.springframework.web.servlet.mvc.method.annotation.RequestResponseBodyMethodProcessor]-[DEBUG] Written [com.taotao.common.pojo.TaotaoResult@6a26e608] as "application/json;charset=UTF-8" using [org.springframework.http.converter.json.MappingJackson2HttpMessageConverter@7a577824]
2017-12-20 16:24:10,874 [http-bio-8082-exec-6] [org.springframework.web.servlet.DispatcherServlet]-[DEBUG] Null ModelAndView returned to DispatcherServlet with name 'taotao-manager': assuming HandlerAdapter completed request handling
2017-12-20 16:24:10,875 [http-bio-8082-exec-6] [org.springframework.web.servlet.DispatcherServlet]-[DEBUG] Successfully completed request
2017-12-20 16:24:11,807 [http-bio-8082-exec-8] [org.springframework.web.servlet.DispatcherServlet]-[DEBUG] DispatcherServlet with name 'taotao-manager' processing GET request for [/rest/item/info/151297549819452]
2017-12-20 16:24:11,807 [http-bio-8082-exec-8] [org.springframework.web.servlet.mvc.method.annotation.RequestMappingHandlerMapping]-[DEBUG] Looking up handler method for path /item/info/151297549819452
2017-12-20 16:24:11,807 [http-bio-8082-exec-8] [org.springframework.web.servlet.mvc.method.annotation.RequestMappingHandlerMapping]-[DEBUG] Returning handler method [public com.taotao.common.pojo.TaotaoResult com.taotao.rest.controller.ItemController.getItemBaseInfo(java.lang.Long)]
2017-12-20 16:24:11,807 [http-bio-8082-exec-8] [org.springframework.beans.factory.support.DefaultListableBeanFactory]-[DEBUG] Returning cached instance of singleton bean 'itemController'
2017-12-20 16:24:11,807 [http-bio-8082-exec-8] [org.springframework.web.servlet.DispatcherServlet]-[DEBUG] Last-Modified value for [/rest/item/info/151297549819452] is: -1
2017-12-20 16:24:11,814 [http-bio-8082-exec-8] [org.springframework.web.servlet.mvc.method.annotation.ResponseBodyAdviceChain]-[DEBUG] Invoking ResponseBodyAdvice chain for body=com.taotao.common.pojo.TaotaoResult@7aef989c
2017-12-20 16:24:11,814 [http-bio-8082-exec-8] [org.springframework.web.servlet.mvc.method.annotation.ResponseBodyAdviceChain]-[DEBUG] After ResponseBodyAdvice chain body=com.taotao.common.pojo.TaotaoResult@7aef989c
2017-12-20 16:24:11,815 [http-bio-8082-exec-8] [org.springframework.web.servlet.mvc.method.annotation.RequestResponseBodyMethodProcessor]-[DEBUG] Written [com.taotao.common.pojo.TaotaoResult@7aef989c] as "application/json;charset=UTF-8" using [org.springframework.http.converter.json.MappingJackson2HttpMessageConverter@7a577824]
2017-12-20 16:24:11,815 [http-bio-8082-exec-8] [org.springframework.web.servlet.DispatcherServlet]-[DEBUG] Null ModelAndView returned to DispatcherServlet with name 'taotao-manager': assuming HandlerAdapter completed request handling
2017-12-20 16:24:11,816 [http-bio-8082-exec-8] [org.springframework.web.servlet.DispatcherServlet]-[DEBUG] Successfully completed request
2017-12-20 17:12:17,401 [http-bio-8082-exec-10] [org.springframework.web.servlet.DispatcherServlet]-[DEBUG] DispatcherServlet with name 'taotao-manager' processing GET request for [/rest/content/list/89]
2017-12-20 17:12:17,401 [http-bio-8082-exec-10] [org.springframework.web.servlet.mvc.method.annotation.RequestMappingHandlerMapping]-[DEBUG] Looking up handler method for path /content/list/89
2017-12-20 17:12:17,402 [http-bio-8082-exec-10] [org.springframework.web.servlet.mvc.method.annotation.RequestMappingHandlerMapping]-[DEBUG] Returning handler method [public com.taotao.common.pojo.TaotaoResult com.taotao.rest.controller.ContentController.getContentList(java.lang.Long)]
2017-12-20 17:12:17,402 [http-bio-8082-exec-10] [org.springframework.beans.factory.support.DefaultListableBeanFactory]-[DEBUG] Returning cached instance of singleton bean 'contentController'
2017-12-20 17:12:17,402 [http-bio-8082-exec-10] [org.springframework.web.servlet.DispatcherServlet]-[DEBUG] Last-Modified value for [/rest/content/list/89] is: -1
2017-12-20 17:12:17,407 [http-bio-8082-exec-10] [org.springframework.web.servlet.mvc.method.annotation.ResponseBodyAdviceChain]-[DEBUG] Invoking ResponseBodyAdvice chain for body=com.taotao.common.pojo.TaotaoResult@3cbe574e
2017-12-20 17:12:17,407 [http-bio-8082-exec-10] [org.springframework.web.servlet.mvc.method.annotation.ResponseBodyAdviceChain]-[DEBUG] After ResponseBodyAdvice chain body=com.taotao.common.pojo.TaotaoResult@3cbe574e
2017-12-20 17:12:17,416 [http-bio-8082-exec-10] [org.springframework.web.servlet.mvc.method.annotation.RequestResponseBodyMethodProcessor]-[DEBUG] Written [com.taotao.common.pojo.TaotaoResult@3cbe574e] as "application/json;charset=UTF-8" using [org.springframework.http.converter.json.MappingJackson2HttpMessageConverter@7a577824]
2017-12-20 17:12:17,416 [http-bio-8082-exec-10] [org.springframework.web.servlet.DispatcherServlet]-[DEBUG] Null ModelAndView returned to DispatcherServlet with name 'taotao-manager': assuming HandlerAdapter completed request handling
2017-12-20 17:12:17,416 [http-bio-8082-exec-10] [org.springframework.web.servlet.DispatcherServlet]-[DEBUG] Successfully completed request
2017-12-20 17:12:28,909 [http-bio-8082-exec-1] [org.springframework.web.servlet.DispatcherServlet]-[DEBUG] DispatcherServlet with name 'taotao-manager' processing GET request for [/rest/item/info/151297549819452]
2017-12-20 17:12:28,909 [http-bio-8082-exec-1] [org.springframework.web.servlet.mvc.method.annotation.RequestMappingHandlerMapping]-[DEBUG] Looking up handler method for path /item/info/151297549819452
2017-12-20 17:12:28,909 [http-bio-8082-exec-1] [org.springframework.web.servlet.mvc.method.annotation.RequestMappingHandlerMapping]-[DEBUG] Returning handler method [public com.taotao.common.pojo.TaotaoResult com.taotao.rest.controller.ItemController.getItemBaseInfo(java.lang.Long)]
2017-12-20 17:12:28,909 [http-bio-8082-exec-1] [org.springframework.beans.factory.support.DefaultListableBeanFactory]-[DEBUG] Returning cached instance of singleton bean 'itemController'
2017-12-20 17:12:28,910 [http-bio-8082-exec-1] [org.springframework.web.servlet.DispatcherServlet]-[DEBUG] Last-Modified value for [/rest/item/info/151297549819452] is: -1
2017-12-20 17:12:28,916 [http-bio-8082-exec-1] [org.springframework.web.servlet.mvc.method.annotation.ResponseBodyAdviceChain]-[DEBUG] Invoking ResponseBodyAdvice chain for body=com.taotao.common.pojo.TaotaoResult@5ee42718
2017-12-20 17:12:28,916 [http-bio-8082-exec-1] [org.springframework.web.servlet.mvc.method.annotation.ResponseBodyAdviceChain]-[DEBUG] After ResponseBodyAdvice chain body=com.taotao.common.pojo.TaotaoResult@5ee42718
2017-12-20 17:12:28,917 [http-bio-8082-exec-1] [org.springframework.web.servlet.mvc.method.annotation.RequestResponseBodyMethodProcessor]-[DEBUG] Written [com.taotao.common.pojo.TaotaoResult@5ee42718] as "application/json;charset=UTF-8" using [org.springframework.http.converter.json.MappingJackson2HttpMessageConverter@7a577824]
2017-12-20 17:12:28,917 [http-bio-8082-exec-1] [org.springframework.web.servlet.DispatcherServlet]-[DEBUG] Null ModelAndView returned to DispatcherServlet with name 'taotao-manager': assuming HandlerAdapter completed request handling
2017-12-20 17:12:28,917 [http-bio-8082-exec-1] [org.springframework.web.servlet.DispatcherServlet]-[DEBUG] Successfully completed request
2017-12-20 17:12:30,430 [http-bio-8082-exec-5] [org.springframework.web.servlet.DispatcherServlet]-[DEBUG] DispatcherServlet with name 'taotao-manager' processing GET request for [/rest/item/desc/151297549819452]
2017-12-20 17:12:30,430 [http-bio-8082-exec-5] [org.springframework.web.servlet.mvc.method.annotation.RequestMappingHandlerMapping]-[DEBUG] Looking up handler method for path /item/desc/151297549819452
2017-12-20 17:12:30,431 [http-bio-8082-exec-5] [org.springframework.web.servlet.mvc.method.annotation.RequestMappingHandlerMapping]-[DEBUG] Returning handler method [public com.taotao.common.pojo.TaotaoResult com.taotao.rest.controller.ItemController.getItemDesc(java.lang.Long)]
2017-12-20 17:12:30,431 [http-bio-8082-exec-5] [org.springframework.beans.factory.support.DefaultListableBeanFactory]-[DEBUG] Returning cached instance of singleton bean 'itemController'
2017-12-20 17:12:30,431 [http-bio-8082-exec-5] [org.springframework.web.servlet.DispatcherServlet]-[DEBUG] Last-Modified value for [/rest/item/desc/151297549819452] is: -1
2017-12-20 17:12:30,435 [http-bio-8082-exec-5] [org.springframework.web.servlet.mvc.method.annotation.ResponseBodyAdviceChain]-[DEBUG] Invoking ResponseBodyAdvice chain for body=com.taotao.common.pojo.TaotaoResult@5f6487e3
2017-12-20 17:12:30,435 [http-bio-8082-exec-5] [org.springframework.web.servlet.mvc.method.annotation.ResponseBodyAdviceChain]-[DEBUG] After ResponseBodyAdvice chain body=com.taotao.common.pojo.TaotaoResult@5f6487e3
2017-12-20 17:12:30,436 [http-bio-8082-exec-5] [org.springframework.web.servlet.mvc.method.annotation.RequestResponseBodyMethodProcessor]-[DEBUG] Written [com.taotao.common.pojo.TaotaoResult@5f6487e3] as "application/json;charset=UTF-8" using [org.springframework.http.converter.json.MappingJackson2HttpMessageConverter@7a577824]
2017-12-20 17:12:30,436 [http-bio-8082-exec-5] [org.springframework.web.servlet.DispatcherServlet]-[DEBUG] Null ModelAndView returned to DispatcherServlet with name 'taotao-manager': assuming HandlerAdapter completed request handling
2017-12-20 17:12:30,436 [http-bio-8082-exec-5] [org.springframework.web.servlet.DispatcherServlet]-[DEBUG] Successfully completed request
2017-12-20 17:12:31,115 [http-bio-8082-exec-7] [org.springframework.web.servlet.DispatcherServlet]-[DEBUG] DispatcherServlet with name 'taotao-manager' processing GET request for [/rest/item/info/151297549819452]
2017-12-20 17:12:31,115 [http-bio-8082-exec-7] [org.springframework.web.servlet.mvc.method.annotation.RequestMappingHandlerMapping]-[DEBUG] Looking up handler method for path /item/info/151297549819452
2017-12-20 17:12:31,115 [http-bio-8082-exec-7] [org.springframework.web.servlet.mvc.method.annotation.RequestMappingHandlerMapping]-[DEBUG] Returning handler method [public com.taotao.common.pojo.TaotaoResult com.taotao.rest.controller.ItemController.getItemBaseInfo(java.lang.Long)]
2017-12-20 17:12:31,116 [http-bio-8082-exec-7] [org.springframework.beans.factory.support.DefaultListableBeanFactory]-[DEBUG] Returning cached instance of singleton bean 'itemController'
2017-12-20 17:12:31,116 [http-bio-8082-exec-7] [org.springframework.web.servlet.DispatcherServlet]-[DEBUG] Last-Modified value for [/rest/item/info/151297549819452] is: -1
2017-12-20 17:12:31,119 [http-bio-8082-exec-7] [org.springframework.web.servlet.mvc.method.annotation.ResponseBodyAdviceChain]-[DEBUG] Invoking ResponseBodyAdvice chain for body=com.taotao.common.pojo.TaotaoResult@3d53f911
2017-12-20 17:12:31,119 [http-bio-8082-exec-7] [org.springframework.web.servlet.mvc.method.annotation.ResponseBodyAdviceChain]-[DEBUG] After ResponseBodyAdvice chain body=com.taotao.common.pojo.TaotaoResult@3d53f911
2017-12-20 17:12:31,120 [http-bio-8082-exec-7] [org.springframework.web.servlet.mvc.method.annotation.RequestResponseBodyMethodProcessor]-[DEBUG] Written [com.taotao.common.pojo.TaotaoResult@3d53f911] as "application/json;charset=UTF-8" using [org.springframework.http.converter.json.MappingJackson2HttpMessageConverter@7a577824]
2017-12-20 17:12:31,120 [http-bio-8082-exec-7] [org.springframework.web.servlet.DispatcherServlet]-[DEBUG] Null ModelAndView returned to DispatcherServlet with name 'taotao-manager': assuming HandlerAdapter completed request handling
2017-12-20 17:12:31,120 [http-bio-8082-exec-7] [org.springframework.web.servlet.DispatcherServlet]-[DEBUG] Successfully completed request
2017-12-20 17:17:45,123 [http-bio-8082-exec-8] [org.springframework.web.servlet.DispatcherServlet]-[DEBUG] DispatcherServlet with name 'taotao-manager' processing GET request for [/rest/item/info/151297549819452]
2017-12-20 17:17:45,123 [http-bio-8082-exec-8] [org.springframework.web.servlet.mvc.method.annotation.RequestMappingHandlerMapping]-[DEBUG] Looking up handler method for path /item/info/151297549819452
2017-12-20 17:17:45,124 [http-bio-8082-exec-8] [org.springframework.web.servlet.mvc.method.annotation.RequestMappingHandlerMapping]-[DEBUG] Returning handler method [public com.taotao.common.pojo.TaotaoResult com.taotao.rest.controller.ItemController.getItemBaseInfo(java.lang.Long)]
2017-12-20 17:17:45,124 [http-bio-8082-exec-8] [org.springframework.beans.factory.support.DefaultListableBeanFactory]-[DEBUG] Returning cached instance of singleton bean 'itemController'
2017-12-20 17:17:45,124 [http-bio-8082-exec-8] [org.springframework.web.servlet.DispatcherServlet]-[DEBUG] Last-Modified value for [/rest/item/info/151297549819452] is: -1
2017-12-20 17:17:45,139 [http-bio-8082-exec-8] [org.springframework.web.servlet.mvc.method.annotation.ResponseBodyAdviceChain]-[DEBUG] Invoking ResponseBodyAdvice chain for body=com.taotao.common.pojo.TaotaoResult@c8ece94
2017-12-20 17:17:45,139 [http-bio-8082-exec-8] [org.springframework.web.servlet.mvc.method.annotation.ResponseBodyAdviceChain]-[DEBUG] After ResponseBodyAdvice chain body=com.taotao.common.pojo.TaotaoResult@c8ece94
2017-12-20 17:17:45,140 [http-bio-8082-exec-8] [org.springframework.web.servlet.mvc.method.annotation.RequestResponseBodyMethodProcessor]-[DEBUG] Written [com.taotao.common.pojo.TaotaoResult@c8ece94] as "application/json;charset=UTF-8" using [org.springframework.http.converter.json.MappingJackson2HttpMessageConverter@7a577824]
2017-12-20 17:17:45,140 [http-bio-8082-exec-8] [org.springframework.web.servlet.DispatcherServlet]-[DEBUG] Null ModelAndView returned to DispatcherServlet with name 'taotao-manager': assuming HandlerAdapter completed request handling
2017-12-20 17:17:45,140 [http-bio-8082-exec-8] [org.springframework.web.servlet.DispatcherServlet]-[DEBUG] Successfully completed request
2017-12-20 17:17:46,723 [http-bio-8082-exec-4] [org.springframework.web.servlet.DispatcherServlet]-[DEBUG] DispatcherServlet with name 'taotao-manager' processing GET request for [/rest/item/desc/151297549819452]
2017-12-20 17:17:46,723 [http-bio-8082-exec-4] [org.springframework.web.servlet.mvc.method.annotation.RequestMappingHandlerMapping]-[DEBUG] Looking up handler method for path /item/desc/151297549819452
2017-12-20 17:17:46,723 [http-bio-8082-exec-4] [org.springframework.web.servlet.mvc.method.annotation.RequestMappingHandlerMapping]-[DEBUG] Returning handler method [public com.taotao.common.pojo.TaotaoResult com.taotao.rest.controller.ItemController.getItemDesc(java.lang.Long)]
2017-12-20 17:17:46,723 [http-bio-8082-exec-4] [org.springframework.beans.factory.support.DefaultListableBeanFactory]-[DEBUG] Returning cached instance of singleton bean 'itemController'
2017-12-20 17:17:46,723 [http-bio-8082-exec-4] [org.springframework.web.servlet.DispatcherServlet]-[DEBUG] Last-Modified value for [/rest/item/desc/151297549819452] is: -1
2017-12-20 17:17:46,730 [http-bio-8082-exec-4] [org.springframework.web.servlet.mvc.method.annotation.ResponseBodyAdviceChain]-[DEBUG] Invoking ResponseBodyAdvice chain for body=com.taotao.common.pojo.TaotaoResult@13f62f46
2017-12-20 17:17:46,730 [http-bio-8082-exec-4] [org.springframework.web.servlet.mvc.method.annotation.ResponseBodyAdviceChain]-[DEBUG] After ResponseBodyAdvice chain body=com.taotao.common.pojo.TaotaoResult@13f62f46
2017-12-20 17:17:46,731 [http-bio-8082-exec-4] [org.springframework.web.servlet.mvc.method.annotation.RequestResponseBodyMethodProcessor]-[DEBUG] Written [com.taotao.common.pojo.TaotaoResult@13f62f46] as "application/json;charset=UTF-8" using [org.springframework.http.converter.json.MappingJackson2HttpMessageConverter@7a577824]
2017-12-20 17:17:46,731 [http-bio-8082-exec-4] [org.springframework.web.servlet.DispatcherServlet]-[DEBUG] Null ModelAndView returned to DispatcherServlet with name 'taotao-manager': assuming HandlerAdapter completed request handling
2017-12-20 17:17:46,731 [http-bio-8082-exec-4] [org.springframework.web.servlet.DispatcherServlet]-[DEBUG] Successfully completed request
2017-12-20 17:24:28,152 [http-bio-8082-exec-1] [org.springframework.web.servlet.DispatcherServlet]-[DEBUG] DispatcherServlet with name 'taotao-manager' processing GET request for [/rest/content/list/89]
2017-12-20 17:24:28,152 [http-bio-8082-exec-1] [org.springframework.web.servlet.mvc.method.annotation.RequestMappingHandlerMapping]-[DEBUG] Looking up handler method for path /content/list/89
2017-12-20 17:24:28,153 [http-bio-8082-exec-1] [org.springframework.web.servlet.mvc.method.annotation.RequestMappingHandlerMapping]-[DEBUG] Returning handler method [public com.taotao.common.pojo.TaotaoResult com.taotao.rest.controller.ContentController.getContentList(java.lang.Long)]
2017-12-20 17:24:28,153 [http-bio-8082-exec-1] [org.springframework.beans.factory.support.DefaultListableBeanFactory]-[DEBUG] Returning cached instance of singleton bean 'contentController'
2017-12-20 17:24:28,153 [http-bio-8082-exec-1] [org.springframework.web.servlet.DispatcherServlet]-[DEBUG] Last-Modified value for [/rest/content/list/89] is: -1
2017-12-20 17:24:28,158 [http-bio-8082-exec-1] [org.springframework.web.servlet.mvc.method.annotation.ResponseBodyAdviceChain]-[DEBUG] Invoking ResponseBodyAdvice chain for body=com.taotao.common.pojo.TaotaoResult@50cd90fe
2017-12-20 17:24:28,158 [http-bio-8082-exec-1] [org.springframework.web.servlet.mvc.method.annotation.ResponseBodyAdviceChain]-[DEBUG] After ResponseBodyAdvice chain body=com.taotao.common.pojo.TaotaoResult@50cd90fe
2017-12-20 17:24:28,159 [http-bio-8082-exec-1] [org.springframework.web.servlet.mvc.method.annotation.RequestResponseBodyMethodProcessor]-[DEBUG] Written [com.taotao.common.pojo.TaotaoResult@50cd90fe] as "application/json;charset=UTF-8" using [org.springframework.http.converter.json.MappingJackson2HttpMessageConverter@7a577824]
2017-12-20 17:24:28,159 [http-bio-8082-exec-1] [org.springframework.web.servlet.DispatcherServlet]-[DEBUG] Null ModelAndView returned to DispatcherServlet with name 'taotao-manager': assuming HandlerAdapter completed request handling
2017-12-20 17:24:28,159 [http-bio-8082-exec-1] [org.springframework.web.servlet.DispatcherServlet]-[DEBUG] Successfully completed request
2017-12-20 17:24:33,372 [http-bio-8082-exec-3] [org.springframework.web.servlet.DispatcherServlet]-[DEBUG] DispatcherServlet with name 'taotao-manager' processing GET request for [/rest/item/info/151297549819452]
2017-12-20 17:24:33,373 [http-bio-8082-exec-3] [org.springframework.web.servlet.mvc.method.annotation.RequestMappingHandlerMapping]-[DEBUG] Looking up handler method for path /item/info/151297549819452
2017-12-20 17:24:33,373 [http-bio-8082-exec-3] [org.springframework.web.servlet.mvc.method.annotation.RequestMappingHandlerMapping]-[DEBUG] Returning handler method [public com.taotao.common.pojo.TaotaoResult com.taotao.rest.controller.ItemController.getItemBaseInfo(java.lang.Long)]
2017-12-20 17:24:33,373 [http-bio-8082-exec-3] [org.springframework.beans.factory.support.DefaultListableBeanFactory]-[DEBUG] Returning cached instance of singleton bean 'itemController'
2017-12-20 17:24:33,373 [http-bio-8082-exec-3] [org.springframework.web.servlet.DispatcherServlet]-[DEBUG] Last-Modified value for [/rest/item/info/151297549819452] is: -1
2017-12-20 17:24:33,382 [http-bio-8082-exec-3] [org.springframework.web.servlet.mvc.method.annotation.ResponseBodyAdviceChain]-[DEBUG] Invoking ResponseBodyAdvice chain for body=com.taotao.common.pojo.TaotaoResult@65a1c3ea
2017-12-20 17:24:33,382 [http-bio-8082-exec-3] [org.springframework.web.servlet.mvc.method.annotation.ResponseBodyAdviceChain]-[DEBUG] After ResponseBodyAdvice chain body=com.taotao.common.pojo.TaotaoResult@65a1c3ea
2017-12-20 17:24:33,384 [http-bio-8082-exec-3] [org.springframework.web.servlet.mvc.method.annotation.RequestResponseBodyMethodProcessor]-[DEBUG] Written [com.taotao.common.pojo.TaotaoResult@65a1c3ea] as "application/json;charset=UTF-8" using [org.springframework.http.converter.json.MappingJackson2HttpMessageConverter@7a577824]
2017-12-20 17:24:33,384 [http-bio-8082-exec-3] [org.springframework.web.servlet.DispatcherServlet]-[DEBUG] Null ModelAndView returned to DispatcherServlet with name 'taotao-manager': assuming HandlerAdapter completed request handling
2017-12-20 17:24:33,385 [http-bio-8082-exec-3] [org.springframework.web.servlet.DispatcherServlet]-[DEBUG] Successfully completed request
2017-12-20 17:24:34,966 [http-bio-8082-exec-6] [org.springframework.web.servlet.DispatcherServlet]-[DEBUG] DispatcherServlet with name 'taotao-manager' processing GET request for [/rest/item/desc/151297549819452]
2017-12-20 17:24:34,967 [http-bio-8082-exec-6] [org.springframework.web.servlet.mvc.method.annotation.RequestMappingHandlerMapping]-[DEBUG] Looking up handler method for path /item/desc/151297549819452
2017-12-20 17:24:34,967 [http-bio-8082-exec-6] [org.springframework.web.servlet.mvc.method.annotation.RequestMappingHandlerMapping]-[DEBUG] Returning handler method [public com.taotao.common.pojo.TaotaoResult com.taotao.rest.controller.ItemController.getItemDesc(java.lang.Long)]
2017-12-20 17:24:34,967 [http-bio-8082-exec-6] [org.springframework.beans.factory.support.DefaultListableBeanFactory]-[DEBUG] Returning cached instance of singleton bean 'itemController'
2017-12-20 17:24:34,967 [http-bio-8082-exec-6] [org.springframework.web.servlet.DispatcherServlet]-[DEBUG] Last-Modified value for [/rest/item/desc/151297549819452] is: -1
2017-12-20 17:24:34,973 [http-bio-8082-exec-6] [org.springframework.web.servlet.mvc.method.annotation.ResponseBodyAdviceChain]-[DEBUG] Invoking ResponseBodyAdvice chain for body=com.taotao.common.pojo.TaotaoResult@2b1bec33
2017-12-20 17:24:34,973 [http-bio-8082-exec-6] [org.springframework.web.servlet.mvc.method.annotation.ResponseBodyAdviceChain]-[DEBUG] After ResponseBodyAdvice chain body=com.taotao.common.pojo.TaotaoResult@2b1bec33
2017-12-20 17:24:34,974 [http-bio-8082-exec-6] [org.springframework.web.servlet.mvc.method.annotation.RequestResponseBodyMethodProcessor]-[DEBUG] Written [com.taotao.common.pojo.TaotaoResult@2b1bec33] as "application/json;charset=UTF-8" using [org.springframework.http.converter.json.MappingJackson2HttpMessageConverter@7a577824]
2017-12-20 17:24:34,974 [http-bio-8082-exec-6] [org.springframework.web.servlet.DispatcherServlet]-[DEBUG] Null ModelAndView returned to DispatcherServlet with name 'taotao-manager': assuming HandlerAdapter completed request handling
2017-12-20 17:24:34,974 [http-bio-8082-exec-6] [org.springframework.web.servlet.DispatcherServlet]-[DEBUG] Successfully completed request
2017-12-20 17:24:35,103 [http-bio-8082-exec-9] [org.springframework.web.servlet.DispatcherServlet]-[DEBUG] DispatcherServlet with name 'taotao-manager' processing GET request for [/rest/item/info/151297549819452]
2017-12-20 17:24:35,103 [http-bio-8082-exec-9] [org.springframework.web.servlet.mvc.method.annotation.RequestMappingHandlerMapping]-[DEBUG] Looking up handler method for path /item/info/151297549819452
2017-12-20 17:24:35,103 [http-bio-8082-exec-9] [org.springframework.web.servlet.mvc.method.annotation.RequestMappingHandlerMapping]-[DEBUG] Returning handler method [public com.taotao.common.pojo.TaotaoResult com.taotao.rest.controller.ItemController.getItemBaseInfo(java.lang.Long)]
2017-12-20 17:24:35,103 [http-bio-8082-exec-9] [org.springframework.beans.factory.support.DefaultListableBeanFactory]-[DEBUG] Returning cached instance of singleton bean 'itemController'
2017-12-20 17:24:35,103 [http-bio-8082-exec-9] [org.springframework.web.servlet.DispatcherServlet]-[DEBUG] Last-Modified value for [/rest/item/info/151297549819452] is: -1
2017-12-20 17:24:35,110 [http-bio-8082-exec-9] [org.springframework.web.servlet.mvc.method.annotation.ResponseBodyAdviceChain]-[DEBUG] Invoking ResponseBodyAdvice chain for body=com.taotao.common.pojo.TaotaoResult@2ae42393
2017-12-20 17:24:35,110 [http-bio-8082-exec-9] [org.springframework.web.servlet.mvc.method.annotation.ResponseBodyAdviceChain]-[DEBUG] After ResponseBodyAdvice chain body=com.taotao.common.pojo.TaotaoResult@2ae42393
2017-12-20 17:24:35,110 [http-bio-8082-exec-9] [org.springframework.web.servlet.mvc.method.annotation.RequestResponseBodyMethodProcessor]-[DEBUG] Written [com.taotao.common.pojo.TaotaoResult@2ae42393] as "application/json;charset=UTF-8" using [org.springframework.http.converter.json.MappingJackson2HttpMessageConverter@7a577824]
2017-12-20 17:24:35,110 [http-bio-8082-exec-9] [org.springframework.web.servlet.DispatcherServlet]-[DEBUG] Null ModelAndView returned to DispatcherServlet with name 'taotao-manager': assuming HandlerAdapter completed request handling
2017-12-20 17:24:35,110 [http-bio-8082-exec-9] [org.springframework.web.servlet.DispatcherServlet]-[DEBUG] Successfully completed request
